
*** Running vivado
    with args -log au_top_0.vds -m64 -product Vivado -mode batch -messageDb vivado.pb -notrace -source au_top_0.tcl



****** Vivado v2020.2 (64-bit)
  **** SW Build 3064766 on Wed Nov 18 09:12:45 MST 2020
  **** IP Build 3064653 on Wed Nov 18 14:17:31 MST 2020
    ** Copyright 1986-2020 Xilinx, Inc. All Rights Reserved.

source au_top_0.tcl -notrace
Command: synth_design -top au_top_0 -part xc7a35tftg256-1
Starting synth_design
Attempting to get a license for feature 'Synthesis' and/or device 'xc7a35t'
INFO: [Common 17-349] Got license for feature 'Synthesis' and/or device 'xc7a35t'
INFO: [Device 21-403] Loading part xc7a35tftg256-1
INFO: [Synth 8-7079] Multithreading enabled for synth_design using a maximum of 2 processes.
INFO: [Synth 8-7078] Launching helper process for spawning children vivado processes
INFO: [Synth 8-7075] Helper process launched with PID 23348
---------------------------------------------------------------------------------
Starting RTL Elaboration : Time (s): cpu = 00:00:11 ; elapsed = 00:00:12 . Memory (MB): peak = 1017.109 ; gain = 0.000
---------------------------------------------------------------------------------
INFO: [Synth 8-6157] synthesizing module 'au_top_0' [C:/Users/cajhm/OneDrive - Singapore University of Technology and Design/Y2T4/comp struct 50.002/alusubmission/manual/work/vivado/manual/manual.srcs/sources_1/imports/verilog/au_top_0.v:7]
INFO: [Synth 8-6157] synthesizing module 'button_conditioner_2' [C:/Users/cajhm/OneDrive - Singapore University of Technology and Design/Y2T4/comp struct 50.002/alusubmission/manual/work/vivado/manual/manual.srcs/sources_1/imports/verilog/button_conditioner_2.v:13]
	Parameter CLK_FREQ bound to: 26'b10111110101111000010000000 
	Parameter MIN_DELAY bound to: 5'b10100 
	Parameter NUM_SYNC bound to: 2'b10 
INFO: [Synth 8-6157] synthesizing module 'pipeline_6' [C:/Users/cajhm/OneDrive - Singapore University of Technology and Design/Y2T4/comp struct 50.002/alusubmission/manual/work/vivado/manual/manual.srcs/sources_1/imports/verilog/pipeline_6.v:11]
	Parameter DEPTH bound to: 2'b10 
INFO: [Synth 8-6155] done synthesizing module 'pipeline_6' (1#1) [C:/Users/cajhm/OneDrive - Singapore University of Technology and Design/Y2T4/comp struct 50.002/alusubmission/manual/work/vivado/manual/manual.srcs/sources_1/imports/verilog/pipeline_6.v:11]
INFO: [Synth 8-6155] done synthesizing module 'button_conditioner_2' (2#1) [C:/Users/cajhm/OneDrive - Singapore University of Technology and Design/Y2T4/comp struct 50.002/alusubmission/manual/work/vivado/manual/manual.srcs/sources_1/imports/verilog/button_conditioner_2.v:13]
INFO: [Synth 8-6157] synthesizing module 'reset_conditioner_1' [C:/Users/cajhm/OneDrive - Singapore University of Technology and Design/Y2T4/comp struct 50.002/alusubmission/manual/work/vivado/manual/manual.srcs/sources_1/imports/verilog/reset_conditioner_1.v:11]
	Parameter STAGES bound to: 3'b100 
INFO: [Synth 8-6155] done synthesizing module 'reset_conditioner_1' (3#1) [C:/Users/cajhm/OneDrive - Singapore University of Technology and Design/Y2T4/comp struct 50.002/alusubmission/manual/work/vivado/manual/manual.srcs/sources_1/imports/verilog/reset_conditioner_1.v:11]
INFO: [Synth 8-6157] synthesizing module 'multi_seven_seg_3' [C:/Users/cajhm/OneDrive - Singapore University of Technology and Design/Y2T4/comp struct 50.002/alusubmission/manual/work/vivado/manual/manual.srcs/sources_1/imports/verilog/multi_seven_seg_3.v:12]
	Parameter DIGITS bound to: 3'b100 
	Parameter DIV bound to: 5'b10000 
	Parameter DIGIT_BITS bound to: 2'b10 
INFO: [Synth 8-6157] synthesizing module 'counter_7' [C:/Users/cajhm/OneDrive - Singapore University of Technology and Design/Y2T4/comp struct 50.002/alusubmission/manual/work/vivado/manual/manual.srcs/sources_1/imports/verilog/counter_7.v:14]
	Parameter SIZE bound to: 2'b10 
	Parameter DIV bound to: 5'b10000 
	Parameter TOP bound to: 4'b0011 
	Parameter UP bound to: 1'b1 
	Parameter MAX_VALUE bound to: 20'b00111111111111111111 
INFO: [Synth 8-6155] done synthesizing module 'counter_7' (4#1) [C:/Users/cajhm/OneDrive - Singapore University of Technology and Design/Y2T4/comp struct 50.002/alusubmission/manual/work/vivado/manual/manual.srcs/sources_1/imports/verilog/counter_7.v:14]
INFO: [Synth 8-6157] synthesizing module 'seven_seg_8' [C:/Users/cajhm/OneDrive - Singapore University of Technology and Design/Y2T4/comp struct 50.002/alusubmission/manual/work/vivado/manual/manual.srcs/sources_1/imports/verilog/seven_seg_8.v:7]
INFO: [Synth 8-226] default block is never used [C:/Users/cajhm/OneDrive - Singapore University of Technology and Design/Y2T4/comp struct 50.002/alusubmission/manual/work/vivado/manual/manual.srcs/sources_1/imports/verilog/seven_seg_8.v:16]
INFO: [Synth 8-6155] done synthesizing module 'seven_seg_8' (5#1) [C:/Users/cajhm/OneDrive - Singapore University of Technology and Design/Y2T4/comp struct 50.002/alusubmission/manual/work/vivado/manual/manual.srcs/sources_1/imports/verilog/seven_seg_8.v:7]
INFO: [Synth 8-6157] synthesizing module 'decoder_9' [C:/Users/cajhm/OneDrive - Singapore University of Technology and Design/Y2T4/comp struct 50.002/alusubmission/manual/work/vivado/manual/manual.srcs/sources_1/imports/verilog/decoder_9.v:11]
	Parameter WIDTH bound to: 2'b10 
INFO: [Synth 8-6155] done synthesizing module 'decoder_9' (6#1) [C:/Users/cajhm/OneDrive - Singapore University of Technology and Design/Y2T4/comp struct 50.002/alusubmission/manual/work/vivado/manual/manual.srcs/sources_1/imports/verilog/decoder_9.v:11]
INFO: [Synth 8-6155] done synthesizing module 'multi_seven_seg_3' (7#1) [C:/Users/cajhm/OneDrive - Singapore University of Technology and Design/Y2T4/comp struct 50.002/alusubmission/manual/work/vivado/manual/manual.srcs/sources_1/imports/verilog/multi_seven_seg_3.v:12]
INFO: [Synth 8-6157] synthesizing module 'alu_manual_4' [C:/Users/cajhm/OneDrive - Singapore University of Technology and Design/Y2T4/comp struct 50.002/alusubmission/manual/work/vivado/manual/manual.srcs/sources_1/imports/verilog/alu_manual_4.v:7]
INFO: [Synth 8-6157] synthesizing module 'alu_10' [C:/Users/cajhm/OneDrive - Singapore University of Technology and Design/Y2T4/comp struct 50.002/alusubmission/manual/work/vivado/manual/manual.srcs/sources_1/imports/verilog/alu_10.v:7]
INFO: [Synth 8-6157] synthesizing module 'sixteen_bit_full_adder_13' [C:/Users/cajhm/OneDrive - Singapore University of Technology and Design/Y2T4/comp struct 50.002/alusubmission/manual/work/vivado/manual/manual.srcs/sources_1/imports/verilog/sixteen_bit_full_adder_13.v:7]
INFO: [Synth 8-6155] done synthesizing module 'sixteen_bit_full_adder_13' (8#1) [C:/Users/cajhm/OneDrive - Singapore University of Technology and Design/Y2T4/comp struct 50.002/alusubmission/manual/work/vivado/manual/manual.srcs/sources_1/imports/verilog/sixteen_bit_full_adder_13.v:7]
INFO: [Synth 8-6157] synthesizing module 'shifter16_14' [C:/Users/cajhm/OneDrive - Singapore University of Technology and Design/Y2T4/comp struct 50.002/alusubmission/manual/work/vivado/manual/manual.srcs/sources_1/imports/verilog/shifter16_14.v:7]
INFO: [Synth 8-155] case statement is not full and has no default [C:/Users/cajhm/OneDrive - Singapore University of Technology and Design/Y2T4/comp struct 50.002/alusubmission/manual/work/vivado/manual/manual.srcs/sources_1/imports/verilog/shifter16_14.v:19]
INFO: [Synth 8-6155] done synthesizing module 'shifter16_14' (9#1) [C:/Users/cajhm/OneDrive - Singapore University of Technology and Design/Y2T4/comp struct 50.002/alusubmission/manual/work/vivado/manual/manual.srcs/sources_1/imports/verilog/shifter16_14.v:7]
INFO: [Synth 8-6157] synthesizing module 'boolean_15' [C:/Users/cajhm/OneDrive - Singapore University of Technology and Design/Y2T4/comp struct 50.002/alusubmission/manual/work/vivado/manual/manual.srcs/sources_1/imports/verilog/boolean_15.v:7]
INFO: [Synth 8-155] case statement is not full and has no default [C:/Users/cajhm/OneDrive - Singapore University of Technology and Design/Y2T4/comp struct 50.002/alusubmission/manual/work/vivado/manual/manual.srcs/sources_1/imports/verilog/boolean_15.v:19]
INFO: [Synth 8-6155] done synthesizing module 'boolean_15' (10#1) [C:/Users/cajhm/OneDrive - Singapore University of Technology and Design/Y2T4/comp struct 50.002/alusubmission/manual/work/vivado/manual/manual.srcs/sources_1/imports/verilog/boolean_15.v:7]
INFO: [Synth 8-6157] synthesizing module 'comp_16' [C:/Users/cajhm/OneDrive - Singapore University of Technology and Design/Y2T4/comp struct 50.002/alusubmission/manual/work/vivado/manual/manual.srcs/sources_1/imports/verilog/comp_16.v:7]
INFO: [Synth 8-6155] done synthesizing module 'comp_16' (11#1) [C:/Users/cajhm/OneDrive - Singapore University of Technology and Design/Y2T4/comp struct 50.002/alusubmission/manual/work/vivado/manual/manual.srcs/sources_1/imports/verilog/comp_16.v:7]
INFO: [Synth 8-6157] synthesizing module 'sixteen_bit_multiplier_17' [C:/Users/cajhm/OneDrive - Singapore University of Technology and Design/Y2T4/comp struct 50.002/alusubmission/manual/work/vivado/manual/manual.srcs/sources_1/imports/verilog/sixteen_bit_multiplier_17.v:7]
INFO: [Synth 8-6155] done synthesizing module 'sixteen_bit_multiplier_17' (12#1) [C:/Users/cajhm/OneDrive - Singapore University of Technology and Design/Y2T4/comp struct 50.002/alusubmission/manual/work/vivado/manual/manual.srcs/sources_1/imports/verilog/sixteen_bit_multiplier_17.v:7]
INFO: [Synth 8-6155] done synthesizing module 'alu_10' (13#1) [C:/Users/cajhm/OneDrive - Singapore University of Technology and Design/Y2T4/comp struct 50.002/alusubmission/manual/work/vivado/manual/manual.srcs/sources_1/imports/verilog/alu_10.v:7]
INFO: [Synth 8-6157] synthesizing module 'edge_detector_11' [C:/Users/cajhm/OneDrive - Singapore University of Technology and Design/Y2T4/comp struct 50.002/alusubmission/manual/work/vivado/manual/manual.srcs/sources_1/imports/verilog/edge_detector_11.v:12]
	Parameter RISE bound to: 1'b1 
	Parameter FALL bound to: 1'b0 
INFO: [Synth 8-6155] done synthesizing module 'edge_detector_11' (14#1) [C:/Users/cajhm/OneDrive - Singapore University of Technology and Design/Y2T4/comp struct 50.002/alusubmission/manual/work/vivado/manual/manual.srcs/sources_1/imports/verilog/edge_detector_11.v:12]
INFO: [Synth 8-6155] done synthesizing module 'alu_manual_4' (15#1) [C:/Users/cajhm/OneDrive - Singapore University of Technology and Design/Y2T4/comp struct 50.002/alusubmission/manual/work/vivado/manual/manual.srcs/sources_1/imports/verilog/alu_manual_4.v:7]
INFO: [Synth 8-6157] synthesizing module 'alu_auto_5' [C:/Users/cajhm/OneDrive - Singapore University of Technology and Design/Y2T4/comp struct 50.002/alusubmission/manual/work/vivado/manual/manual.srcs/sources_1/imports/verilog/alu_auto_5.v:7]
	Parameter SLOWCLOCK_SIZE bound to: 5'b11011 
	Parameter START_testCase bound to: 6'b000000 
	Parameter ADDSTART_testCase bound to: 6'b000001 
	Parameter ADD0_testCase bound to: 6'b000010 
	Parameter ADD1_testCase bound to: 6'b000011 
	Parameter ADD2_testCase bound to: 6'b000100 
	Parameter ADD3_testCase bound to: 6'b000101 
	Parameter SUBSTART_testCase bound to: 6'b000110 
	Parameter SUB0_testCase bound to: 6'b000111 
	Parameter SUB1_testCase bound to: 6'b001000 
	Parameter SUB2_testCase bound to: 6'b001001 
	Parameter SUB3_testCase bound to: 6'b001010 
	Parameter MULSTART_testCase bound to: 6'b001011 
	Parameter MUL0_testCase bound to: 6'b001100 
	Parameter MUL1_testCase bound to: 6'b001101 
	Parameter MUL2_testCase bound to: 6'b001110 
	Parameter MUL3_testCase bound to: 6'b001111 
	Parameter BOOLSTART_testCase bound to: 6'b010000 
	Parameter AND_testCase bound to: 6'b010001 
	Parameter OR_testCase bound to: 6'b010010 
	Parameter XOR_testCase bound to: 6'b010011 
	Parameter A_testCase bound to: 6'b010100 
	Parameter SHLSTART_testCase bound to: 6'b010101 
	Parameter LS1_testCase bound to: 6'b010110 
	Parameter LS2_testCase bound to: 6'b010111 
	Parameter LS4_testCase bound to: 6'b011000 
	Parameter LS8_testCase bound to: 6'b011001 
	Parameter SHRSTART_testCase bound to: 6'b011010 
	Parameter RS1_testCase bound to: 6'b011011 
	Parameter RS2_testCase bound to: 6'b011100 
	Parameter RS4_testCase bound to: 6'b011101 
	Parameter RS8_testCase bound to: 6'b011110 
	Parameter SRASTART_testCase bound to: 6'b011111 
	Parameter RSA1_testCase bound to: 6'b100000 
	Parameter RSA2_testCase bound to: 6'b100001 
	Parameter RSA4_testCase bound to: 6'b100010 
	Parameter RSA8_testCase bound to: 6'b100011 
	Parameter CMPEQSTART_testCase bound to: 6'b100100 
	Parameter CMPEQ1_testCase bound to: 6'b100101 
	Parameter CMPEQ2_testCase bound to: 6'b100110 
	Parameter CMPEQ3_testCase bound to: 6'b100111 
	Parameter CMPEQ4_testCase bound to: 6'b101000 
	Parameter CMPLTSTART_testCase bound to: 6'b101001 
	Parameter CMPLT1_testCase bound to: 6'b101010 
	Parameter CMPLT2_testCase bound to: 6'b101011 
	Parameter CMPLT3_testCase bound to: 6'b101100 
	Parameter CMPLT4_testCase bound to: 6'b101101 
	Parameter CMPLESTART_testCase bound to: 6'b101110 
	Parameter CMPLE1_testCase bound to: 6'b101111 
	Parameter CMPLE2_testCase bound to: 6'b110000 
	Parameter CMPLE3_testCase bound to: 6'b110001 
	Parameter CMPLE4_testCase bound to: 6'b110010 
	Parameter ERRCASE_testCase bound to: 6'b110011 
	Parameter ERRCASE1_testCase bound to: 6'b110100 
	Parameter END_testCase bound to: 6'b110101 
	Parameter ERROR_STATE_testCase bound to: 6'b110110 
	Parameter ERROR_STATE1_testCase bound to: 6'b110111 
INFO: [Synth 8-6157] synthesizing module 'counter_12' [C:/Users/cajhm/OneDrive - Singapore University of Technology and Design/Y2T4/comp struct 50.002/alusubmission/manual/work/vivado/manual/manual.srcs/sources_1/imports/verilog/counter_12.v:14]
	Parameter SIZE bound to: 5'b11011 
	Parameter DIV bound to: 1'b0 
	Parameter TOP bound to: 1'b0 
	Parameter UP bound to: 1'b1 
	Parameter MAX_VALUE bound to: 1'b0 
INFO: [Synth 8-6155] done synthesizing module 'counter_12' (16#1) [C:/Users/cajhm/OneDrive - Singapore University of Technology and Design/Y2T4/comp struct 50.002/alusubmission/manual/work/vivado/manual/manual.srcs/sources_1/imports/verilog/counter_12.v:14]
INFO: [Synth 8-155] case statement is not full and has no default [C:/Users/cajhm/OneDrive - Singapore University of Technology and Design/Y2T4/comp struct 50.002/alusubmission/manual/work/vivado/manual/manual.srcs/sources_1/imports/verilog/alu_auto_5.v:138]
INFO: [Synth 8-6155] done synthesizing module 'alu_auto_5' (17#1) [C:/Users/cajhm/OneDrive - Singapore University of Technology and Design/Y2T4/comp struct 50.002/alusubmission/manual/work/vivado/manual/manual.srcs/sources_1/imports/verilog/alu_auto_5.v:7]
INFO: [Synth 8-6155] done synthesizing module 'au_top_0' (18#1) [C:/Users/cajhm/OneDrive - Singapore University of Technology and Design/Y2T4/comp struct 50.002/alusubmission/manual/work/vivado/manual/manual.srcs/sources_1/imports/verilog/au_top_0.v:7]
---------------------------------------------------------------------------------
Finished RTL Elaboration : Time (s): cpu = 00:00:14 ; elapsed = 00:00:16 . Memory (MB): peak = 1017.109 ; gain = 0.000
---------------------------------------------------------------------------------
---------------------------------------------------------------------------------
Start Handling Custom Attributes
---------------------------------------------------------------------------------
---------------------------------------------------------------------------------
Finished Handling Custom Attributes : Time (s): cpu = 00:00:16 ; elapsed = 00:00:18 . Memory (MB): peak = 1017.109 ; gain = 0.000
---------------------------------------------------------------------------------
---------------------------------------------------------------------------------
Finished RTL Optimization Phase 1 : Time (s): cpu = 00:00:16 ; elapsed = 00:00:18 . Memory (MB): peak = 1017.109 ; gain = 0.000
---------------------------------------------------------------------------------
Netlist sorting complete. Time (s): cpu = 00:00:00 ; elapsed = 00:00:00.088 . Memory (MB): peak = 1017.109 ; gain = 0.000
INFO: [Project 1-570] Preparing netlist for logic optimization

Processing XDC Constraints
Initializing timing engine
Parsing XDC File [C:/Users/cajhm/OneDrive - Singapore University of Technology and Design/Y2T4/comp struct 50.002/alusubmission/manual/work/constraint/alchitry.xdc]
Finished Parsing XDC File [C:/Users/cajhm/OneDrive - Singapore University of Technology and Design/Y2T4/comp struct 50.002/alusubmission/manual/work/constraint/alchitry.xdc]
INFO: [Project 1-236] Implementation specific constraints were found while reading constraint file [C:/Users/cajhm/OneDrive - Singapore University of Technology and Design/Y2T4/comp struct 50.002/alusubmission/manual/work/constraint/alchitry.xdc]. These constraints will be ignored for synthesis but will be used in implementation. Impacted constraints are listed in the file [.Xil/au_top_0_propImpl.xdc].
Resolution: To avoid this warning, move constraints listed in [.Xil/au_top_0_propImpl.xdc] to another XDC file and exclude this new file from synthesis with the used_in_synthesis property (File Properties dialog in GUI) and re-run elaboration/synthesis.
Parsing XDC File [C:/Users/cajhm/OneDrive - Singapore University of Technology and Design/Y2T4/comp struct 50.002/alusubmission/manual/work/constraint/custom.xdc]
Finished Parsing XDC File [C:/Users/cajhm/OneDrive - Singapore University of Technology and Design/Y2T4/comp struct 50.002/alusubmission/manual/work/constraint/custom.xdc]
INFO: [Project 1-236] Implementation specific constraints were found while reading constraint file [C:/Users/cajhm/OneDrive - Singapore University of Technology and Design/Y2T4/comp struct 50.002/alusubmission/manual/work/constraint/custom.xdc]. These constraints will be ignored for synthesis but will be used in implementation. Impacted constraints are listed in the file [.Xil/au_top_0_propImpl.xdc].
Resolution: To avoid this warning, move constraints listed in [.Xil/au_top_0_propImpl.xdc] to another XDC file and exclude this new file from synthesis with the used_in_synthesis property (File Properties dialog in GUI) and re-run elaboration/synthesis.
Parsing XDC File [C:/Users/cajhm/OneDrive - Singapore University of Technology and Design/Y2T4/comp struct 50.002/alusubmission/manual/constraint/au.xdc]
Finished Parsing XDC File [C:/Users/cajhm/OneDrive - Singapore University of Technology and Design/Y2T4/comp struct 50.002/alusubmission/manual/constraint/au.xdc]
INFO: [Project 1-236] Implementation specific constraints were found while reading constraint file [C:/Users/cajhm/OneDrive - Singapore University of Technology and Design/Y2T4/comp struct 50.002/alusubmission/manual/constraint/au.xdc]. These constraints will be ignored for synthesis but will be used in implementation. Impacted constraints are listed in the file [.Xil/au_top_0_propImpl.xdc].
Resolution: To avoid this warning, move constraints listed in [.Xil/au_top_0_propImpl.xdc] to another XDC file and exclude this new file from synthesis with the used_in_synthesis property (File Properties dialog in GUI) and re-run elaboration/synthesis.
Parsing XDC File [C:/Users/cajhm/OneDrive - Singapore University of Technology and Design/Y2T4/comp struct 50.002/alusubmission/manual/work/constraint/io.xdc]
Finished Parsing XDC File [C:/Users/cajhm/OneDrive - Singapore University of Technology and Design/Y2T4/comp struct 50.002/alusubmission/manual/work/constraint/io.xdc]
INFO: [Project 1-236] Implementation specific constraints were found while reading constraint file [C:/Users/cajhm/OneDrive - Singapore University of Technology and Design/Y2T4/comp struct 50.002/alusubmission/manual/work/constraint/io.xdc]. These constraints will be ignored for synthesis but will be used in implementation. Impacted constraints are listed in the file [.Xil/au_top_0_propImpl.xdc].
Resolution: To avoid this warning, move constraints listed in [.Xil/au_top_0_propImpl.xdc] to another XDC file and exclude this new file from synthesis with the used_in_synthesis property (File Properties dialog in GUI) and re-run elaboration/synthesis.
Completed Processing XDC Constraints

Netlist sorting complete. Time (s): cpu = 00:00:00 ; elapsed = 00:00:00.001 . Memory (MB): peak = 1017.109 ; gain = 0.000
INFO: [Project 1-111] Unisim Transformation Summary:
No Unisim elements were transformed.

Constraint Validation Runtime : Time (s): cpu = 00:00:00 ; elapsed = 00:00:00.013 . Memory (MB): peak = 1017.109 ; gain = 0.000
---------------------------------------------------------------------------------
Finished Constraint Validation : Time (s): cpu = 00:00:35 ; elapsed = 00:00:38 . Memory (MB): peak = 1017.109 ; gain = 0.000
---------------------------------------------------------------------------------
---------------------------------------------------------------------------------
Start Loading Part and Timing Information
---------------------------------------------------------------------------------
Loading part: xc7a35tftg256-1
---------------------------------------------------------------------------------
Finished Loading Part and Timing Information : Time (s): cpu = 00:00:35 ; elapsed = 00:00:38 . Memory (MB): peak = 1017.109 ; gain = 0.000
---------------------------------------------------------------------------------
---------------------------------------------------------------------------------
Start Applying 'set_property' XDC Constraints
---------------------------------------------------------------------------------
---------------------------------------------------------------------------------
Finished applying 'set_property' XDC Constraints : Time (s): cpu = 00:00:35 ; elapsed = 00:00:38 . Memory (MB): peak = 1017.109 ; gain = 0.000
---------------------------------------------------------------------------------
INFO: [Synth 8-802] inferred FSM for state register 'M_testCase_q_reg' in module 'alu_auto_5'
---------------------------------------------------------------------------------------------------
                   State |                     New Encoding |                Previous Encoding 
---------------------------------------------------------------------------------------------------
          START_testCase |                           000000 |                           000000
       ADDSTART_testCase |                           000001 |                           000001
           ADD0_testCase |                           000010 |                           000010
           ADD1_testCase |                           000011 |                           000011
           ADD2_testCase |                           000100 |                           000100
           ADD3_testCase |                           000101 |                           000101
       SUBSTART_testCase |                           000110 |                           000110
           SUB0_testCase |                           000111 |                           000111
           SUB1_testCase |                           001000 |                           001000
           SUB2_testCase |                           001001 |                           001001
           SUB3_testCase |                           001010 |                           001010
       SHLSTART_testCase |                           001011 |                           010101
            LS1_testCase |                           001100 |                           010110
            LS2_testCase |                           001101 |                           010111
            LS4_testCase |                           001110 |                           011000
            LS8_testCase |                           001111 |                           011001
       SHRSTART_testCase |                           010000 |                           011010
            RS1_testCase |                           010001 |                           011011
            RS2_testCase |                           010010 |                           011100
            RS4_testCase |                           010011 |                           011101
            RS8_testCase |                           010100 |                           011110
       SRASTART_testCase |                           010101 |                           011111
           RSA1_testCase |                           010110 |                           100000
           RSA2_testCase |                           010111 |                           100001
           RSA4_testCase |                           011000 |                           100010
           RSA8_testCase |                           011001 |                           100011
      BOOLSTART_testCase |                           011010 |                           010000
            AND_testCase |                           011011 |                           010001
             OR_testCase |                           011100 |                           010010
            XOR_testCase |                           011101 |                           010011
              A_testCase |                           011110 |                           010100
     CMPEQSTART_testCase |                           011111 |                           100100
         CMPEQ1_testCase |                           100000 |                           100101
         CMPEQ2_testCase |                           100001 |                           100110
         CMPEQ3_testCase |                           100010 |                           100111
         CMPEQ4_testCase |                           100011 |                           101000
     CMPLTSTART_testCase |                           100100 |                           101001
         CMPLT1_testCase |                           100101 |                           101010
         CMPLT2_testCase |                           100110 |                           101011
         CMPLT3_testCase |                           100111 |                           101100
         CMPLT4_testCase |                           101000 |                           101101
     CMPLESTART_testCase |                           101001 |                           101110
         CMPLE1_testCase |                           101010 |                           101111
         CMPLE2_testCase |                           101011 |                           110000
         CMPLE3_testCase |                           101100 |                           110001
         CMPLE4_testCase |                           101101 |                           110010
       MULSTART_testCase |                           101110 |                           001011
           MUL0_testCase |                           101111 |                           001100
           MUL1_testCase |                           110000 |                           001101
           MUL2_testCase |                           110001 |                           001110
           MUL3_testCase |                           110010 |                           001111
        ERRCASE_testCase |                           110011 |                           110011
    ERROR_STATE_testCase |                           110100 |                           110110
       ERRCASE1_testCase |                           110101 |                           110100
   ERROR_STATE1_testCase |                           110110 |                           110111
            END_testCase |                           110111 |                           110101
---------------------------------------------------------------------------------------------------
INFO: [Synth 8-3354] encoded FSM with state register 'M_testCase_q_reg' using encoding 'sequential' in module 'alu_auto_5'
---------------------------------------------------------------------------------
Finished RTL Optimization Phase 2 : Time (s): cpu = 00:00:41 ; elapsed = 00:00:45 . Memory (MB): peak = 1017.109 ; gain = 0.000
---------------------------------------------------------------------------------
---------------------------------------------------------------------------------
Start RTL Component Statistics 
---------------------------------------------------------------------------------
Detailed RTL Component Info : 
+---Adders : 
	   2 Input   18 Bit       Adders := 1     
	   3 Input   16 Bit       Adders := 2     
	   2 Input    1 Bit       Adders := 2     
+---XORs : 
	   2 Input     16 Bit         XORs := 2     
	   2 Input      1 Bit         XORs := 6     
+---Registers : 
	               18 Bit    Registers := 1     
	               16 Bit    Registers := 5     
	                8 Bit    Registers := 1     
	                6 Bit    Registers := 2     
	                4 Bit    Registers := 2     
	                3 Bit    Registers := 2     
	                2 Bit    Registers := 5     
	                1 Bit    Registers := 5     
+---Muxes : 
	   2 Input   24 Bit        Muxes := 1     
	   2 Input   18 Bit        Muxes := 1     
	   2 Input   16 Bit        Muxes := 5     
	   4 Input   16 Bit        Muxes := 4     
	   6 Input   16 Bit        Muxes := 2     
	  56 Input   16 Bit        Muxes := 3     
	  56 Input    8 Bit        Muxes := 2     
	  56 Input    6 Bit        Muxes := 3     
	   2 Input    6 Bit        Muxes := 42    
	   4 Input    4 Bit        Muxes := 1     
	  56 Input    4 Bit        Muxes := 1     
	  14 Input    3 Bit        Muxes := 2     
	   2 Input    3 Bit        Muxes := 1     
	   2 Input    1 Bit        Muxes := 10    
	  56 Input    1 Bit        Muxes := 2     
---------------------------------------------------------------------------------
Finished RTL Component Statistics 
---------------------------------------------------------------------------------
---------------------------------------------------------------------------------
Start Part Resource Summary
---------------------------------------------------------------------------------
Part Resources:
DSPs: 90 (col length:60)
BRAMs: 100 (col length: RAMB18 60 RAMB36 30)
---------------------------------------------------------------------------------
Finished Part Resource Summary
---------------------------------------------------------------------------------
---------------------------------------------------------------------------------
Start Cross Boundary and Area Optimization
---------------------------------------------------------------------------------
DSP Report: Generating DSP multiplier/p0, operation Mode is: A*B.
DSP Report: operator multiplier/p0 is absorbed into DSP multiplier/p0.
DSP Report: Generating DSP alu_manual/alu/multiplier/p0, operation Mode is: A2*B2.
DSP Report: register alu_manual/M_store_b_q_reg is absorbed into DSP alu_manual/alu/multiplier/p0.
DSP Report: register alu_manual/M_store_a_q_reg is absorbed into DSP alu_manual/alu/multiplier/p0.
DSP Report: operator alu_manual/alu/multiplier/p0 is absorbed into DSP alu_manual/alu/multiplier/p0.
---------------------------------------------------------------------------------
Finished Cross Boundary and Area Optimization : Time (s): cpu = 00:01:12 ; elapsed = 00:01:17 . Memory (MB): peak = 1017.109 ; gain = 0.000
---------------------------------------------------------------------------------
---------------------------------------------------------------------------------
Start ROM, RAM, DSP, Shift Register and Retiming Reporting
---------------------------------------------------------------------------------

ROM: Preliminary Mapping	Report
+------------+-------------------+---------------+----------------+
|Module Name | RTL Object        | Depth x Width | Implemented As | 
+------------+-------------------+---------------+----------------+
|alu_auto_5  | M_checkoff_reg_q0 | 64x8          | LUT            | 
+------------+-------------------+---------------+----------------+


DSP: Preliminary Mapping	Report (see note below)
+--------------------------+-------------+--------+--------+--------+--------+--------+------+------+------+------+-------+------+------+
|Module Name               | DSP Mapping | A Size | B Size | C Size | D Size | P Size | AREG | BREG | CREG | DREG | ADREG | MREG | PREG | 
+--------------------------+-------------+--------+--------+--------+--------+--------+------+------+------+------+-------+------+------+
|sixteen_bit_multiplier_17 | A*B         | 16     | 16     | -      | -      | 32     | 0    | 0    | -    | -    | -     | 0    | 0    | 
|au_top_0                  | A2*B2       | 16     | 16     | -      | -      | 32     | 1    | 1    | -    | -    | -     | 0    | 0    | 
+--------------------------+-------------+--------+--------+--------+--------+--------+------+------+------+------+-------+------+------+

Note: The table above is a preliminary report that shows the DSPs inferred at the current stage of the synthesis flow. Some DSP may be reimplemented as non DSP primitives later in the synthesis flow. Multiple instantiated DSPs are reported only once.
---------------------------------------------------------------------------------
Finished ROM, RAM, DSP, Shift Register and Retiming Reporting
---------------------------------------------------------------------------------
---------------------------------------------------------------------------------
Start Applying XDC Timing Constraints
---------------------------------------------------------------------------------
---------------------------------------------------------------------------------
Finished Applying XDC Timing Constraints : Time (s): cpu = 00:01:42 ; elapsed = 00:01:48 . Memory (MB): peak = 1017.109 ; gain = 0.000
---------------------------------------------------------------------------------
---------------------------------------------------------------------------------
Start Timing Optimization
---------------------------------------------------------------------------------
---------------------------------------------------------------------------------
Finished Timing Optimization : Time (s): cpu = 00:01:50 ; elapsed = 00:01:56 . Memory (MB): peak = 1055.000 ; gain = 37.891
---------------------------------------------------------------------------------
---------------------------------------------------------------------------------
Start Technology Mapping
---------------------------------------------------------------------------------
---------------------------------------------------------------------------------
Finished Technology Mapping : Time (s): cpu = 00:01:52 ; elapsed = 00:01:58 . Memory (MB): peak = 1060.949 ; gain = 43.840
---------------------------------------------------------------------------------
---------------------------------------------------------------------------------
Start IO Insertion
---------------------------------------------------------------------------------
---------------------------------------------------------------------------------
Start Flattening Before IO Insertion
---------------------------------------------------------------------------------
---------------------------------------------------------------------------------
Finished Flattening Before IO Insertion
---------------------------------------------------------------------------------
---------------------------------------------------------------------------------
Start Final Netlist Cleanup
---------------------------------------------------------------------------------
---------------------------------------------------------------------------------
Finished Final Netlist Cleanup
---------------------------------------------------------------------------------
---------------------------------------------------------------------------------
Finished IO Insertion : Time (s): cpu = 00:02:02 ; elapsed = 00:02:08 . Memory (MB): peak = 1068.242 ; gain = 51.133
---------------------------------------------------------------------------------
---------------------------------------------------------------------------------
Start Renaming Generated Instances
---------------------------------------------------------------------------------
---------------------------------------------------------------------------------
Finished Renaming Generated Instances : Time (s): cpu = 00:02:02 ; elapsed = 00:02:08 . Memory (MB): peak = 1068.242 ; gain = 51.133
---------------------------------------------------------------------------------
---------------------------------------------------------------------------------
Start Rebuilding User Hierarchy
---------------------------------------------------------------------------------
---------------------------------------------------------------------------------
Finished Rebuilding User Hierarchy : Time (s): cpu = 00:02:02 ; elapsed = 00:02:09 . Memory (MB): peak = 1068.242 ; gain = 51.133
---------------------------------------------------------------------------------
---------------------------------------------------------------------------------
Start Renaming Generated Ports
---------------------------------------------------------------------------------
---------------------------------------------------------------------------------
Finished Renaming Generated Ports : Time (s): cpu = 00:02:02 ; elapsed = 00:02:09 . Memory (MB): peak = 1068.242 ; gain = 51.133
---------------------------------------------------------------------------------
---------------------------------------------------------------------------------
Start Handling Custom Attributes
---------------------------------------------------------------------------------
---------------------------------------------------------------------------------
Finished Handling Custom Attributes : Time (s): cpu = 00:02:02 ; elapsed = 00:02:09 . Memory (MB): peak = 1068.242 ; gain = 51.133
---------------------------------------------------------------------------------
---------------------------------------------------------------------------------
Start Renaming Generated Nets
---------------------------------------------------------------------------------
---------------------------------------------------------------------------------
Finished Renaming Generated Nets : Time (s): cpu = 00:02:02 ; elapsed = 00:02:09 . Memory (MB): peak = 1068.242 ; gain = 51.133
---------------------------------------------------------------------------------
---------------------------------------------------------------------------------
Start Writing Synthesis Report
---------------------------------------------------------------------------------

Report BlackBoxes: 
+-+--------------+----------+
| |BlackBox name |Instances |
+-+--------------+----------+
+-+--------------+----------+

Report Cell Usage: 
+------+--------+------+
|      |Cell    |Count |
+------+--------+------+
|1     |BUFG    |     1|
|2     |CARRY4  |    35|
|3     |DSP48E1 |     2|
|5     |LUT1    |    13|
|6     |LUT2    |    62|
|7     |LUT3    |    95|
|8     |LUT4    |    65|
|9     |LUT5    |    78|
|10    |LUT6    |   416|
|11    |FDRE    |   240|
|12    |FDSE    |     4|
|13    |IBUF    |    29|
|14    |OBUF    |    49|
+------+--------+------+
---------------------------------------------------------------------------------
Finished Writing Synthesis Report : Time (s): cpu = 00:02:02 ; elapsed = 00:02:09 . Memory (MB): peak = 1068.242 ; gain = 51.133
---------------------------------------------------------------------------------
Synthesis finished with 0 errors, 0 critical warnings and 0 warnings.
Synthesis Optimization Runtime : Time (s): cpu = 00:01:40 ; elapsed = 00:02:01 . Memory (MB): peak = 1068.242 ; gain = 51.133
Synthesis Optimization Complete : Time (s): cpu = 00:02:03 ; elapsed = 00:02:09 . Memory (MB): peak = 1068.242 ; gain = 51.133
INFO: [Project 1-571] Translating synthesized netlist
Netlist sorting complete. Time (s): cpu = 00:00:00 ; elapsed = 00:00:00.070 . Memory (MB): peak = 1079.180 ; gain = 0.000
INFO: [Netlist 29-17] Analyzing 37 Unisim elements for replacement
INFO: [Netlist 29-28] Unisim Transformation completed in 0 CPU seconds
INFO: [Project 1-570] Preparing netlist for logic optimization
INFO: [Opt 31-138] Pushed 0 inverter(s) to 0 load pin(s).
Netlist sorting complete. Time (s): cpu = 00:00:00 ; elapsed = 00:00:00.001 . Memory (MB): peak = 1079.180 ; gain = 0.000
INFO: [Project 1-111] Unisim Transformation Summary:
No Unisim elements were transformed.

INFO: [Common 17-83] Releasing license: Synthesis
60 Infos, 0 Warnings, 0 Critical Warnings and 0 Errors encountered.
synth_design completed successfully
synth_design: Time (s): cpu = 00:02:16 ; elapsed = 00:02:37 . Memory (MB): peak = 1079.180 ; gain = 79.312
INFO: [Common 17-1381] The checkpoint 'C:/Users/cajhm/OneDrive - Singapore University of Technology and Design/Y2T4/comp struct 50.002/alusubmission/manual/work/vivado/manual/manual.runs/synth_1/au_top_0.dcp' has been generated.
INFO: [runtcl-4] Executing : report_utilization -file au_top_0_utilization_synth.rpt -pb au_top_0_utilization_synth.pb
INFO: [Common 17-206] Exiting Vivado at Tue Mar 15 23:13:56 2022...
